TN:
SF:src\apiService.js
FN:11,fetchTodos
FN:22,fetchTodoById
FN:33,createTodo
FN:49,updateTodo
FN:64,deleteTodo
FNF:5
FNH:5
FNDA:3,fetchTodos
FNDA:2,fetchTodoById
FNDA:5,createTodo
FNDA:4,updateTodo
FNDA:4,deleteTodo
DA:5,1
DA:12,3
DA:13,3
DA:14,1
DA:23,2
DA:24,2
DA:25,1
DA:34,5
DA:39,5
DA:40,4
DA:50,4
DA:55,4
DA:56,3
DA:65,4
DA:66,4
DA:67,3
DA:70,1
LF:17
LH:17
BRDA:13,0,0,2
BRDA:13,0,1,1
BRDA:24,1,0,1
BRDA:24,1,1,1
BRDA:39,2,0,1
BRDA:39,2,1,4
BRDA:55,3,0,1
BRDA:55,3,1,3
BRDA:66,4,0,1
BRDA:66,4,1,3
BRF:10
BRH:10
end_of_record
TN:
SF:src\notificationService.js
FN:12,sendEmail
FN:25,sendSMS
FNF:2
FNH:0
FNDA:0,sendEmail
FNDA:0,sendSMS
DA:14,0
DA:15,0
DA:16,0
DA:26,0
DA:27,0
DA:28,0
DA:31,1
LF:7
LH:1
BRDA:14,0,0,0
BRDA:14,0,1,0
BRDA:14,1,0,0
BRDA:14,1,1,0
BRDA:26,2,0,0
BRDA:26,2,1,0
BRDA:26,3,0,0
BRDA:26,3,1,0
BRF:8
BRH:0
end_of_record
TN:
SF:src\taskDB.js
FN:13,saveTask
FN:32,getAllTasks
FN:41,getTaskById
FN:42,(anonymous_3)
FN:52,updateTask
FN:53,(anonymous_5)
FN:64,deleteTask
FN:65,(anonymous_7)
FN:74,resetDB
FNF:9
FNH:9
FNDA:38,saveTask
FNDA:13,getAllTasks
FNDA:5,getTaskById
FNDA:2,(anonymous_3)
FNDA:9,updateTask
FNDA:11,(anonymous_5)
FNDA:5,deleteTask
FNDA:4,(anonymous_7)
FNDA:40,resetDB
DA:5,3
DA:6,3
DA:14,38
DA:15,3
DA:17,35
DA:24,35
DA:25,35
DA:33,13
DA:42,5
DA:43,5
DA:53,11
DA:54,9
DA:55,7
DA:56,7
DA:65,5
DA:66,5
DA:67,3
DA:68,3
DA:75,40
DA:76,40
DA:79,3
LF:21
LH:21
BRDA:14,0,0,3
BRDA:14,0,1,35
BRDA:14,1,0,38
BRDA:14,1,1,36
BRDA:20,2,0,35
BRDA:20,2,1,35
BRDA:21,3,0,35
BRDA:21,3,1,32
BRDA:43,4,0,5
BRDA:43,4,1,3
BRDA:54,5,0,2
BRDA:54,5,1,7
BRDA:66,6,0,2
BRDA:66,6,1,3
BRF:14
BRH:14
end_of_record
TN:
SF:src\taskManager.js
FN:10,(anonymous_0)
FN:19,(anonymous_1)
FN:40,(anonymous_2)
FN:49,(anonymous_3)
FN:60,(anonymous_4)
FN:69,(anonymous_5)
FN:77,(anonymous_6)
FN:86,(anonymous_7)
FN:95,(anonymous_8)
FNF:9
FNH:9
FNDA:18,(anonymous_0)
FNDA:21,(anonymous_1)
FNDA:3,(anonymous_2)
FNDA:2,(anonymous_3)
FNDA:6,(anonymous_4)
FNDA:2,(anonymous_5)
FNDA:1,(anonymous_6)
FNDA:1,(anonymous_7)
FNDA:4,(anonymous_8)
DA:5,2
DA:6,2
DA:7,2
DA:11,18
DA:20,21
DA:21,1
DA:23,20
DA:26,20
DA:27,4
DA:33,19
DA:41,3
DA:50,2
DA:51,2
DA:52,1
DA:61,6
DA:70,2
DA:78,1
DA:79,1
DA:87,1
DA:88,1
DA:96,4
DA:97,4
DA:106,2
LF:23
LH:23
BRDA:10,0,0,14
BRDA:20,1,0,1
BRDA:20,1,1,20
BRDA:26,2,0,4
BRDA:26,2,1,16
BRDA:51,3,0,1
BRDA:51,3,1,1
BRF:7
BRH:7
end_of_record
TN:
SF:src\taskUtils.js
FN:10,validateTask
FN:22,generateTaskId
FN:34,formatTask
FN:46,filterTasks
FN:48,(anonymous_4)
FN:56,sortTasksByTitle
FN:58,(anonymous_6)
FN:66,countByPriority
FN:68,(anonymous_8)
FN:80,completionPercentage
FN:82,(anonymous_10)
FNF:11
FNH:11
FNDA:37,validateTask
FNDA:5,generateTaskId
FNDA:7,formatTask
FNDA:14,filterTasks
FNDA:23,(anonymous_4)
FNDA:3,sortTasksByTitle
FNDA:5,(anonymous_6)
FNDA:4,countByPriority
FNDA:5,(anonymous_8)
FNDA:10,completionPercentage
FNDA:17,(anonymous_10)
DA:11,37
DA:12,32
DA:13,27
DA:14,26
DA:23,5
DA:24,2
DA:26,3
DA:35,7
DA:36,5
DA:37,5
DA:47,14
DA:48,23
DA:57,3
DA:58,5
DA:67,4
DA:68,3
DA:69,5
DA:70,5
DA:71,5
DA:81,10
DA:82,17
DA:83,7
DA:86,3
LF:23
LH:23
BRDA:11,0,0,5
BRDA:11,0,1,32
BRDA:11,1,0,37
BRDA:11,1,1,34
BRDA:12,2,0,5
BRDA:12,2,1,27
BRDA:12,3,0,32
BRDA:12,3,1,28
BRDA:13,4,0,1
BRDA:13,4,1,26
BRDA:22,5,0,1
BRDA:23,6,0,2
BRDA:23,6,1,3
BRDA:23,7,0,5
BRDA:23,7,1,4
BRDA:35,8,0,2
BRDA:35,8,1,5
BRDA:36,9,0,2
BRDA:36,9,1,3
BRDA:47,10,0,2
BRDA:47,10,1,12
BRDA:57,11,0,1
BRDA:57,11,1,2
BRDA:67,12,0,1
BRDA:67,12,1,3
BRDA:69,13,0,5
BRDA:69,13,1,1
BRDA:70,14,0,5
BRDA:70,14,1,4
BRDA:81,15,0,3
BRDA:81,15,1,7
BRDA:81,16,0,10
BRDA:81,16,1,9
BRF:33
BRH:33
end_of_record
